0 info it worked if it ends with ok
1 verbose cli [ '/usr/local/Cellar/node/7.1.0/bin/node',
1 verbose cli   '/usr/local/bin/npm',
1 verbose cli   'start' ]
2 info using npm@3.10.9
3 info using node@v7.1.0
4 verbose run-script [ 'prestart', 'start', 'poststart' ]
5 info lifecycle findtechos@0.0.0~prestart: findtechos@0.0.0
6 silly lifecycle findtechos@0.0.0~prestart: no script for prestart, continuing
7 info lifecycle findtechos@0.0.0~start: findtechos@0.0.0
8 verbose lifecycle findtechos@0.0.0~start: unsafe-perm in lifecycle true
9 verbose lifecycle findtechos@0.0.0~start: PATH: /usr/local/lib/node_modules/npm/bin/node-gyp-bin:/Users/marchardantonin/Sites/findtechos/node_modules/.bin:/usr/local/Cellar/node/7.1.0/bin:/Applications/MAMP/bin/php/php5.5.14/bin:/Users/marchardantonin/Documents/android-sdk-macosx/tools:/Library/Frameworks/Python.framework/Versions/3.5/bin:/Users/marchardantonin/.rvm/gems/ruby-2.3.0/bin:/Users/marchardantonin/.rvm/gems/ruby-2.3.0@global/bin:/Users/marchardantonin/.rvm/rubies/ruby-2.3.0/bin:/Users/marchardantonin/.rbenv/shims:/Applications/MAMP/bin/php/php5.5.26/bin:/usr/local/bin:/usr/bin:/bin:/usr/sbin:/sbin:/usr/local/git/binalias:/Users/marchardantonin/.rvm/bin:/usr/local/mongodb/bin
10 verbose lifecycle findtechos@0.0.0~start: CWD: /Users/marchardantonin/Sites/findtechos
11 silly lifecycle findtechos@0.0.0~start: Args: [ '-c', 'node server' ]
12 silly lifecycle findtechos@0.0.0~start: Returned: code: 1  signal: null
13 info lifecycle findtechos@0.0.0~start: Failed to exec start script
14 verbose stack Error: findtechos@0.0.0 start: `node server`
14 verbose stack Exit status 1
14 verbose stack     at EventEmitter.<anonymous> (/usr/local/lib/node_modules/npm/lib/utils/lifecycle.js:255:16)
14 verbose stack     at emitTwo (events.js:106:13)
14 verbose stack     at EventEmitter.emit (events.js:191:7)
14 verbose stack     at ChildProcess.<anonymous> (/usr/local/lib/node_modules/npm/lib/utils/spawn.js:40:14)
14 verbose stack     at emitTwo (events.js:106:13)
14 verbose stack     at ChildProcess.emit (events.js:191:7)
14 verbose stack     at maybeClose (internal/child_process.js:885:16)
14 verbose stack     at Process.ChildProcess._handle.onexit (internal/child_process.js:226:5)
15 verbose pkgid findtechos@0.0.0
16 verbose cwd /Users/marchardantonin/Sites/findtechos
17 error Darwin 16.0.0
18 error argv "/usr/local/Cellar/node/7.1.0/bin/node" "/usr/local/bin/npm" "start"
19 error node v7.1.0
20 error npm  v3.10.9
21 error code ELIFECYCLE
22 error findtechos@0.0.0 start: `node server`
22 error Exit status 1
23 error Failed at the findtechos@0.0.0 start script 'node server'.
23 error Make sure you have the latest version of node.js and npm installed.
23 error If you do, this is most likely a problem with the findtechos package,
23 error not with npm itself.
23 error Tell the author that this fails on your system:
23 error     node server
23 error You can get information on how to open an issue for this project with:
23 error     npm bugs findtechos
23 error Or if that isn't available, you can get their info via:
23 error     npm owner ls findtechos
23 error There is likely additional logging output above.
24 verbose exit [ 1, true ]
